<?xml version="1.0" encoding="UTF-8"?>
<testng-results ignored="0" total="1" passed="1" failed="0" skipped="0">
  <reporter-output>
  </reporter-output>
  <suite started-at="2023-12-19T15:39:59 CET" name="Surefire suite" finished-at="2023-12-19T15:40:00 CET" duration-ms="1130">
    <groups>
      <group name="cucumber">
        <method signature="AbstractTestNGCucumberTests.runScenario(io.cucumber.testng.PickleWrapper,io.cucumber.testng.FeatureWrapper)[pri:0, instance:cucumber_options.TestNGRunner@12d3a4e9]" name="runScenario" class="io.cucumber.testng.AbstractTestNGCucumberTests"/>
      </group> <!-- cucumber -->
    </groups>
    <test started-at="2023-12-19T15:39:59 CET" name="Surefire test" finished-at="2023-12-19T15:40:00 CET" duration-ms="1130">
      <class name="cucumber_options.TestNGRunner">
        <test-method is-config="true" signature="setUpClass(org.testng.ITestContext)[pri:0, instance:cucumber_options.TestNGRunner@12d3a4e9]" started-at="2023-12-19T15:39:59 CET" name="setUpClass" finished-at="2023-12-19T15:40:00 CET" duration-ms="860" status="PASS">
          <params>
            <param index="0">
              <value>
                <![CDATA[org.testng.TestRunner@a8c1f44]]>
              </value>
            </param>
          </params>
          <reporter-output>
          </reporter-output>
        </test-method> <!-- setUpClass -->
        <test-method signature="runScenario(io.cucumber.testng.PickleWrapper,io.cucumber.testng.FeatureWrapper)[pri:0, instance:cucumber_options.TestNGRunner@12d3a4e9]" started-at="2023-12-19T15:40:00 CET" name="runScenario" description="Runs Cucumber Scenarios" data-provider="scenarios" finished-at="2023-12-19T15:40:00 CET" duration-ms="126" status="PASS">
          <params>
            <param index="0">
              <value>
                <![CDATA["Admin Page Default Login"]]>
              </value>
            </param>
            <param index="1">
              <value>
                <![CDATA["Application Login"]]>
              </value>
            </param>
          </params>
          <reporter-output>
          </reporter-output>
        </test-method> <!-- runScenario -->
        <test-method is-config="true" signature="tearDownClass()[pri:0, instance:cucumber_options.TestNGRunner@12d3a4e9]" started-at="2023-12-19T15:40:00 CET" name="tearDownClass" finished-at="2023-12-19T15:40:00 CET" duration-ms="95" status="PASS">
          <reporter-output>
          </reporter-output>
        </test-method> <!-- tearDownClass -->
      </class> <!-- cucumber_options.TestNGRunner -->
    </test> <!-- Surefire test -->
  </suite> <!-- Surefire suite -->
</testng-results>
