<?xml version="1.0" encoding="UTF-8"?>
<testsuite xmlns:xsi="http://www.w3.org/2001/XMLSchema-instance" xsi:noNamespaceSchemaLocation="https://maven.apache.org/surefire/maven-surefire-plugin/xsd/surefire-test-report-3.0.xsd" version="3.0" name="cucumber_options.TestNGRunner" time="1.88" tests="1" errors="0" skipped="0" failures="0">
  <properties>
[...]
</properties>
  <testcase name="runScenario[&quot;Admin Page Default Login&quot;, &quot;Application Login&quot;](1)" classname="cucumber_options.TestNGRunner" time="0.125">
    <system-out><![CDATA[
Scenario: Admin Page Default Login          # src/test/java/features/firstProgram.feature:2
  Given user is on Net-banking landing page # step_definitions.MainSteps.user_is_on_net_banking_landing_page()
  When user logs into application           # step_definitions.MainSteps.user_logs_into_application()
  Then homepage is displayed                # step_definitions.MainSteps.homepage_is_displayed()
  And cards are displayed                   # step_definitions.MainSteps.cards_are_displayed()
]]></system-out>
    <system-err><![CDATA[SLF4J: Failed to load class "org.slf4j.impl.StaticLoggerBinder".
SLF4J: Defaulting to no-operation (NOP) logger implementation
SLF4J: See http://www.slf4j.org/codes.html#StaticLoggerBinder for further details.
]]></system-err>
  </testcase>
</testsuite>